[01/Jun/2014 10:47:44] ERROR [parks.views:53] [Errno 2] No such file or directory: u'/Users/Matt/Documents/Work/MAPC/Projects/BostonGreen/bostongreenmap/media/parkimages/filipello_3_sm.jpg'
[01/Jun/2014 10:47:44] ERROR [parks.views:53] [Errno 2] No such file or directory: u'/Users/Matt/Documents/Work/MAPC/Projects/BostonGreen/bostongreenmap/media/parkimages/filippello_1_sm.jpg'
[01/Jun/2014 10:47:44] ERROR [parks.views:53] [Errno 2] No such file or directory: u'/Users/Matt/Documents/Work/MAPC/Projects/BostonGreen/bostongreenmap/media/parkimages/filippello_2_sm.jpg'
[01/Jun/2014 10:47:44] ERROR [parks.views:53] [Errno 2] No such file or directory: u'/Users/Matt/Documents/Work/MAPC/Projects/BostonGreen/bostongreenmap/media/parkimages/filippello_5_sm.jpg'
[01/Jun/2014 10:47:44] ERROR [parks.views:53] [Errno 2] No such file or directory: u'/Users/Matt/Documents/Work/MAPC/Projects/BostonGreen/bostongreenmap/media/parkimages/filippello_6_sm.jpg'
[01/Jun/2014 10:47:44] ERROR [parks.views:53] [Errno 2] No such file or directory: u'/Users/Matt/Documents/Work/MAPC/Projects/BostonGreen/bostongreenmap/media/parkimages/Charles_River_Res.jpg'
[01/Jun/2014 10:47:44] ERROR [parks.views:53] [Errno 2] No such file or directory: u'/Users/Matt/Documents/Work/MAPC/Projects/BostonGreen/bostongreenmap/media/parkimages/Charles_River_Res.jpg'
[01/Jun/2014 10:47:44] ERROR [parks.views:53] [Errno 2] No such file or directory: u'/Users/Matt/Documents/Work/MAPC/Projects/BostonGreen/bostongreenmap/media/parkimages/Mt_Auburn_Cemetery.jpg'
[01/Jun/2014 10:47:44] ERROR [parks.views:53] [Errno 2] No such file or directory: u'/Users/Matt/Documents/Work/MAPC/Projects/BostonGreen/bostongreenmap/media/parkimages/Charles_River_Res.jpg'
[01/Jun/2014 10:47:44] ERROR [parks.views:53] [Errno 2] No such file or directory: u'/Users/Matt/Documents/Work/MAPC/Projects/BostonGreen/bostongreenmap/media/parkimages/Charles_River_Res.jpg'
[01/Jun/2014 10:47:44] ERROR [parks.views:53] [Errno 2] No such file or directory: u'/Users/Matt/Documents/Work/MAPC/Projects/BostonGreen/bostongreenmap/media/parkimages/Charles_River_Res.jpg'
[01/Jun/2014 10:47:44] ERROR [parks.views:53] [Errno 2] No such file or directory: u'/Users/Matt/Documents/Work/MAPC/Projects/BostonGreen/bostongreenmap/media/parkimages/Thomas_Muni_Golf.jpg'
[01/Jun/2014 10:47:44] ERROR [parks.views:53] [Errno 2] No such file or directory: u'/Users/Matt/Documents/Work/MAPC/Projects/BostonGreen/bostongreenmap/media/parkimages/harriettubmanpark_ericksens.jpg'
[01/Jun/2014 10:47:44] ERROR [parks.views:53] [Errno 2] No such file or directory: u'/Users/Matt/Documents/Work/MAPC/Projects/BostonGreen/bostongreenmap/media/parkimages/lowell_5_sm.jpg'
[01/Jun/2014 10:47:44] ERROR [parks.views:53] [Errno 2] No such file or directory: u'/Users/Matt/Documents/Work/MAPC/Projects/BostonGreen/bostongreenmap/media/parkimages/lowell_6_sm.jpg'
[01/Jun/2014 10:47:44] ERROR [parks.views:53] [Errno 2] No such file or directory: u'/Users/Matt/Documents/Work/MAPC/Projects/BostonGreen/bostongreenmap/media/parkimages/healyfield.jpg'
[01/Jun/2014 10:47:44] ERROR [parks.views:53] [Errno 2] No such file or directory: u'/Users/Matt/Documents/Work/MAPC/Projects/BostonGreen/bostongreenmap/media/parkimages/victory_field_2_sm.jpg'
[01/Jun/2014 10:47:44] ERROR [parks.views:53] [Errno 2] No such file or directory: u'/Users/Matt/Documents/Work/MAPC/Projects/BostonGreen/bostongreenmap/media/parkimages/christiansciencecenter_soelin.jpg'
[01/Jun/2014 10:47:44] ERROR [parks.views:53] [Errno 2] No such file or directory: u'/Users/Matt/Documents/Work/MAPC/Projects/BostonGreen/bostongreenmap/media/parkimages/sullivan_1_sm.jpg'
[01/Jun/2014 10:47:44] ERROR [parks.views:53] [Errno 2] No such file or directory: u'/Users/Matt/Documents/Work/MAPC/Projects/BostonGreen/bostongreenmap/media/parkimages/sullivan_2_sm.jpg'
[01/Jun/2014 10:47:44] ERROR [parks.views:53] [Errno 2] No such file or directory: u'/Users/Matt/Documents/Work/MAPC/Projects/BostonGreen/bostongreenmap/media/parkimages/sullivan_4_sm.jpg'
[01/Jun/2014 10:47:44] ERROR [parks.views:53] [Errno 2] No such file or directory: u'/Users/Matt/Documents/Work/MAPC/Projects/BostonGreen/bostongreenmap/media/parkimages/commons_jennikonrad.jpg'
[01/Jun/2014 10:47:44] ERROR [parks.views:53] [Errno 2] No such file or directory: u'/Users/Matt/Documents/Work/MAPC/Projects/BostonGreen/bostongreenmap/media/parkimages/commons_treycliff.jpg'
[01/Jun/2014 10:47:44] ERROR [parks.views:53] [Errno 2] No such file or directory: u'/Users/Matt/Documents/Work/MAPC/Projects/BostonGreen/bostongreenmap/media/parkimages/commons_wili_hybrid.jpg'
[01/Jun/2014 10:47:44] ERROR [parks.views:53] [Errno 2] No such file or directory: u'/Users/Matt/Documents/Work/MAPC/Projects/BostonGreen/bostongreenmap/media/parkimages/flickr_-_boston_common.jpg'
[01/Jun/2014 10:47:44] ERROR [parks.views:53] [Errno 2] No such file or directory: u'/Users/Matt/Documents/Work/MAPC/Projects/BostonGreen/bostongreenmap/media/parkimages/flickr_-_boston_common_6.jpg'
[01/Jun/2014 10:47:44] ERROR [parks.views:53] [Errno 2] No such file or directory: u'/Users/Matt/Documents/Work/MAPC/Projects/BostonGreen/bostongreenmap/media/parkimages/frogpond_soelin.png'
[01/Jun/2014 10:47:44] ERROR [parks.views:53] [Errno 2] No such file or directory: u'/Users/Matt/Documents/Work/MAPC/Projects/BostonGreen/bostongreenmap/media/parkimages/nkraft__boston_common_1_.jpg'
[01/Jun/2014 10:47:44] ERROR [parks.views:53] [Errno 2] No such file or directory: u'/Users/Matt/Documents/Work/MAPC/Projects/BostonGreen/bostongreenmap/media/parkimages/nkraft__boston_common_spring_.jpg'
[01/Jun/2014 10:47:44] ERROR [parks.views:53] [Errno 2] No such file or directory: u'/Users/Matt/Documents/Work/MAPC/Projects/BostonGreen/bostongreenmap/media/parkimages/parksquirrel_reneschwietzke.jpg'
[01/Jun/2014 10:47:44] ERROR [parks.views:53] [Errno 2] No such file or directory: u'/Users/Matt/Documents/Work/MAPC/Projects/BostonGreen/bostongreenmap/media/parkimages/fenwayvictorygarden_chrisharnish.jpg'
[01/Jun/2014 10:47:44] ERROR [parks.views:53] [Errno 2] No such file or directory: u'/Users/Matt/Documents/Work/MAPC/Projects/BostonGreen/bostongreenmap/media/parkimages/the_fens.jpg'
[01/Jun/2014 10:47:44] ERROR [parks.views:53] [Errno 2] No such file or directory: u'/Users/Matt/Documents/Work/MAPC/Projects/BostonGreen/bostongreenmap/media/parkimages/victorygarden_joannesullivan.jpg'
[01/Jun/2014 10:47:44] ERROR [parks.views:53] [Errno 2] No such file or directory: u'/Users/Matt/Documents/Work/MAPC/Projects/BostonGreen/bostongreenmap/media/parkimages/boston_marine_park.jpg'
[01/Jun/2014 10:47:44] ERROR [parks.views:53] [Errno 2] No such file or directory: u'/Users/Matt/Documents/Work/MAPC/Projects/BostonGreen/bostongreenmap/media/parkimages/13-omalleywaterfrontpark-chelsea.jpg'
[01/Jun/2014 10:47:44] ERROR [parks.views:53] [Errno 2] No such file or directory: u'/Users/Matt/Documents/Work/MAPC/Projects/BostonGreen/bostongreenmap/media/parkimages/14-omalleywaterfrontpark-chelsea.jpg'
[01/Jun/2014 10:47:44] ERROR [parks.views:53] [Errno 2] No such file or directory: u'/Users/Matt/Documents/Work/MAPC/Projects/BostonGreen/bostongreenmap/media/parkimages/omalley_waterfront_park_2.jpg'
[01/Jun/2014 10:47:44] ERROR [parks.views:53] [Errno 2] No such file or directory: u'/Users/Matt/Documents/Work/MAPC/Projects/BostonGreen/bostongreenmap/media/parkimages/halls_pond.jpg'
[01/Jun/2014 10:47:44] ERROR [parks.views:53] [Errno 2] No such file or directory: u'/Users/Matt/Documents/Work/MAPC/Projects/BostonGreen/bostongreenmap/media/parkimages/fallonfield.jpg'
[01/Jun/2014 10:47:44] ERROR [parks.views:53] [Errno 2] No such file or directory: u'/Users/Matt/Documents/Work/MAPC/Projects/BostonGreen/bostongreenmap/media/parkimages/fallonfield2.jpg'
[01/Jun/2014 10:47:44] ERROR [parks.views:53] [Errno 2] No such file or directory: u'/Users/Matt/Documents/Work/MAPC/Projects/BostonGreen/bostongreenmap/media/parkimages/brookline_reservior.jpg'
[01/Jun/2014 10:47:44] ERROR [parks.views:53] [Errno 2] No such file or directory: u'/Users/Matt/Documents/Work/MAPC/Projects/BostonGreen/bostongreenmap/media/parkimages/11-jamaicapondjp.jpg'
[01/Jun/2014 10:47:44] ERROR [parks.views:53] [Errno 2] No such file or directory: u'/Users/Matt/Documents/Work/MAPC/Projects/BostonGreen/bostongreenmap/media/parkimages/12a-jamaicapondjp.jpg'
[01/Jun/2014 10:47:44] ERROR [parks.views:53] [Errno 2] No such file or directory: u'/Users/Matt/Documents/Work/MAPC/Projects/BostonGreen/bostongreenmap/media/parkimages/12b-jamaicapondjp.jpg'
[01/Jun/2014 10:47:44] ERROR [parks.views:53] [Errno 2] No such file or directory: u'/Users/Matt/Documents/Work/MAPC/Projects/BostonGreen/bostongreenmap/media/parkimages/3a-jamaicapondjp.jpg'
[01/Jun/2014 10:47:44] ERROR [parks.views:53] [Errno 2] No such file or directory: u'/Users/Matt/Documents/Work/MAPC/Projects/BostonGreen/bostongreenmap/media/parkimages/3b-jamaicapondjp.jpg'
[01/Jun/2014 10:47:44] ERROR [parks.views:53] [Errno 2] No such file or directory: u'/Users/Matt/Documents/Work/MAPC/Projects/BostonGreen/bostongreenmap/media/parkimages/4-jamaicapondjp.jpg'
[01/Jun/2014 10:47:44] ERROR [parks.views:53] [Errno 2] No such file or directory: u'/Users/Matt/Documents/Work/MAPC/Projects/BostonGreen/bostongreenmap/media/parkimages/5-jamaicapondjp.jpg'
[01/Jun/2014 10:47:44] ERROR [parks.views:53] [Errno 2] No such file or directory: u'/Users/Matt/Documents/Work/MAPC/Projects/BostonGreen/bostongreenmap/media/parkimages/6a-jamaicapondjp.jpg'
[01/Jun/2014 10:47:44] ERROR [parks.views:53] [Errno 2] No such file or directory: u'/Users/Matt/Documents/Work/MAPC/Projects/BostonGreen/bostongreenmap/media/parkimages/6b-jamaicapondjp.jpg'
[01/Jun/2014 10:47:44] ERROR [parks.views:53] [Errno 2] No such file or directory: u'/Users/Matt/Documents/Work/MAPC/Projects/BostonGreen/bostongreenmap/media/parkimages/7-jamaicapondjp.jpg'
[01/Jun/2014 10:47:44] ERROR [parks.views:53] [Errno 2] No such file or directory: u'/Users/Matt/Documents/Work/MAPC/Projects/BostonGreen/bostongreenmap/media/parkimages/jamicaplainpond_soelin.jpg'
[01/Jun/2014 10:47:44] ERROR [parks.views:53] [Errno 2] No such file or directory: u'/Users/Matt/Documents/Work/MAPC/Projects/BostonGreen/bostongreenmap/media/parkimages/jamaicaplainpond_soelin.jpg'
[01/Jun/2014 10:47:58] ERROR [parks.views:53] [Errno 2] No such file or directory: u'/Users/Matt/Documents/Work/MAPC/Projects/BostonGreen/bostongreenmap/media/parkimages/Ringer_Park_DIY_Fest.jpg'
[01/Jun/2014 10:47:58] ERROR [parks.views:53] [Errno 2] No such file or directory: u'/Users/Matt/Documents/Work/MAPC/Projects/BostonGreen/bostongreenmap/media/parkimages/Ringer_Park_Playground.jpg'
[01/Jun/2014 10:47:58] ERROR [parks.views:53] [Errno 2] No such file or directory: u'/Users/Matt/Documents/Work/MAPC/Projects/BostonGreen/bostongreenmap/media/parkimages/Charles_River_Res.jpg'
[01/Jun/2014 10:52:31] ERROR [parks.views:53] [Errno 2] No such file or directory: u'/Users/Matt/Documents/Work/MAPC/Projects/BostonGreen/bostongreenmap/media/parkimages/Ringer_Park_DIY_Fest.jpg'
[01/Jun/2014 10:52:31] ERROR [parks.views:53] [Errno 2] No such file or directory: u'/Users/Matt/Documents/Work/MAPC/Projects/BostonGreen/bostongreenmap/media/parkimages/Ringer_Park_Playground.jpg'
[01/Jun/2014 10:52:31] ERROR [parks.views:53] [Errno 2] No such file or directory: u'/Users/Matt/Documents/Work/MAPC/Projects/BostonGreen/bostongreenmap/media/parkimages/Charles_River_Res.jpg'
[01/Jun/2014 10:53:06] ERROR [parks.views:53] [Errno 2] No such file or directory: u'/Users/Matt/Documents/Work/MAPC/Projects/BostonGreen/bostongreenmap/media/parkimages/Ringer_Park_DIY_Fest.jpg'
[01/Jun/2014 10:53:06] ERROR [parks.views:53] [Errno 2] No such file or directory: u'/Users/Matt/Documents/Work/MAPC/Projects/BostonGreen/bostongreenmap/media/parkimages/Ringer_Park_Playground.jpg'
[01/Jun/2014 10:53:06] ERROR [parks.views:53] [Errno 2] No such file or directory: u'/Users/Matt/Documents/Work/MAPC/Projects/BostonGreen/bostongreenmap/media/parkimages/Charles_River_Res.jpg'
